
 -- Fri Mar 13 15:42:34 2015
 Warning: sigma increased due to equal function values
   Reconsider the formulation of the objective function

 -- Fri Mar 13 15:42:35 2015
 Warning: sigma increased due to equal function values
   Reconsider the formulation of the objective function

 -- Fri Mar 13 15:42:35 2015
 Warning: sigma increased due to equal function values
   Reconsider the formulation of the objective function

 -- Fri Mar 13 15:42:35 2015
 Warning: sigma increased due to equal function values
   Reconsider the formulation of the objective function

 -- Fri Mar 13 15:42:36 2015
 Warning: sigma increased due to equal function values
   Reconsider the formulation of the objective function

 -- Fri Mar 13 15:42:36 2015
 Warning: sigma increased due to equal function values
   Reconsider the formulation of the objective function

 -- Fri Mar 13 15:42:36 2015
 Warning: sigma increased due to equal function values
   Reconsider the formulation of the objective function

 -- Fri Mar 13 15:42:37 2015
 Warning: sigma increased due to equal function values
   Reconsider the formulation of the objective function

 -- Fri Mar 13 15:42:37 2015
 Warning: sigma increased due to equal function values
   Reconsider the formulation of the objective function

 -- Fri Mar 13 15:42:37 2015
 Warning: sigma increased due to equal function values
   Reconsider the formulation of the objective function

 -- Fri Mar 13 15:42:37 2015
 Warning: sigma increased due to equal function values
   Reconsider the formulation of the objective function

 -- Fri Mar 13 15:42:38 2015
 Warning: sigma increased due to equal function values
   Reconsider the formulation of the objective function

 -- Fri Mar 13 15:42:38 2015
 Warning: sigma increased due to equal function values
   Reconsider the formulation of the objective function

 -- Fri Mar 13 15:42:38 2015
 Warning: sigma increased due to equal function values
   Reconsider the formulation of the objective function

 -- Fri Mar 13 15:42:39 2015
 Warning: sigma increased due to equal function values
   Reconsider the formulation of the objective function

 -- Fri Mar 13 15:42:39 2015
 Warning: sigma increased due to equal function values
   Reconsider the formulation of the objective function

 -- Fri Mar 13 15:42:39 2015
 Warning: sigma increased due to equal function values
   Reconsider the formulation of the objective function

 -- Fri Mar 13 15:42:40 2015
 Warning: sigma increased due to equal function values
   Reconsider the formulation of the objective function

 -- Fri Mar 13 15:42:40 2015
 Warning: sigma increased due to equal function values
   Reconsider the formulation of the objective function

 -- Fri Mar 13 15:42:40 2015
 Warning: sigma increased due to equal function values
   Reconsider the formulation of the objective function

 -- Fri Mar 13 15:42:40 2015
 Warning: sigma increased due to equal function values
   Reconsider the formulation of the objective function

 -- Fri Mar 13 15:42:41 2015
 Warning: sigma increased due to equal function values
   Reconsider the formulation of the objective function

 -- Fri Mar 13 15:42:41 2015
 Warning: sigma increased due to equal function values
   Reconsider the formulation of the objective function

 -- Fri Mar 13 15:44:30 2015
 Warning: sigma increased due to equal function values
   Reconsider the formulation of the objective function

 -- Fri Mar 13 15:44:30 2015
 Warning: sigma increased due to equal function values
   Reconsider the formulation of the objective function

 -- Fri Mar 13 15:44:31 2015
 Warning: sigma increased due to equal function values
   Reconsider the formulation of the objective function

 -- Fri Mar 13 15:44:31 2015
 Warning: sigma increased due to equal function values
   Reconsider the formulation of the objective function

 -- Fri Mar 13 15:44:32 2015
 Warning: sigma increased due to equal function values
   Reconsider the formulation of the objective function

 -- Fri Mar 13 15:44:32 2015
 Warning: sigma increased due to equal function values
   Reconsider the formulation of the objective function

 -- Fri Mar 13 15:44:33 2015
 Warning: sigma increased due to equal function values
   Reconsider the formulation of the objective function

 -- Fri Mar 13 15:44:33 2015
 Warning: sigma increased due to equal function values
   Reconsider the formulation of the objective function

 -- Fri Mar 13 15:44:34 2015
 Warning: sigma increased due to equal function values
   Reconsider the formulation of the objective function

 -- Fri Mar 13 15:44:34 2015
 Warning: sigma increased due to equal function values
   Reconsider the formulation of the objective function

 -- Fri Mar 13 15:44:34 2015
 Warning: sigma increased due to equal function values
   Reconsider the formulation of the objective function

 -- Fri Mar 13 15:44:35 2015
 Warning: sigma increased due to equal function values
   Reconsider the formulation of the objective function

 -- Fri Mar 13 15:44:35 2015
 Warning: sigma increased due to equal function values
   Reconsider the formulation of the objective function

 -- Fri Mar 13 15:44:36 2015
 Warning: sigma increased due to equal function values
   Reconsider the formulation of the objective function

 -- Fri Mar 13 15:44:36 2015
 Warning: sigma increased due to equal function values
   Reconsider the formulation of the objective function

 -- Fri Mar 13 15:44:37 2015
 Warning: sigma increased due to equal function values
   Reconsider the formulation of the objective function

 -- Fri Mar 13 15:44:37 2015
 Warning: sigma increased due to equal function values
   Reconsider the formulation of the objective function

 -- Fri Mar 13 15:44:38 2015
 Warning: sigma increased due to equal function values
   Reconsider the formulation of the objective function

 -- Fri Mar 13 15:44:38 2015
 Warning: sigma increased due to equal function values
   Reconsider the formulation of the objective function

 -- Fri Mar 13 15:44:39 2015
 Warning: sigma increased due to equal function values
   Reconsider the formulation of the objective function

 -- Fri Mar 13 15:44:39 2015
 Warning: sigma increased due to equal function values
   Reconsider the formulation of the objective function

 -- Fri Mar 13 15:44:40 2015
 Warning: sigma increased due to equal function values
   Reconsider the formulation of the objective function

 -- Fri Mar 13 15:44:40 2015
 Warning: sigma increased due to equal function values
   Reconsider the formulation of the objective function

 -- Fri Mar 13 15:53:58 2015
 Warning: sigma increased due to equal function values
   Reconsider the formulation of the objective function

 -- Fri Mar 13 15:53:59 2015
 Warning: sigma increased due to equal function values
   Reconsider the formulation of the objective function

 -- Fri Mar 13 15:53:59 2015
 Warning: sigma increased due to equal function values
   Reconsider the formulation of the objective function

 -- Fri Mar 13 15:54:00 2015
 Warning: sigma increased due to equal function values
   Reconsider the formulation of the objective function

 -- Fri Mar 13 15:54:01 2015
 Warning: sigma increased due to equal function values
   Reconsider the formulation of the objective function

 -- Fri Mar 13 15:54:01 2015
 Warning: sigma increased due to equal function values
   Reconsider the formulation of the objective function

 -- Fri Mar 13 15:54:02 2015
 Warning: sigma increased due to equal function values
   Reconsider the formulation of the objective function

 -- Fri Mar 13 15:54:03 2015
 Warning: sigma increased due to equal function values
   Reconsider the formulation of the objective function

 -- Fri Mar 13 15:54:03 2015
 Warning: sigma increased due to equal function values
   Reconsider the formulation of the objective function

 -- Fri Mar 13 15:54:04 2015
 Warning: sigma increased due to equal function values
   Reconsider the formulation of the objective function

 -- Fri Mar 13 15:54:05 2015
 Warning: sigma increased due to equal function values
   Reconsider the formulation of the objective function

 -- Fri Mar 13 15:54:05 2015
 Warning: sigma increased due to equal function values
   Reconsider the formulation of the objective function

 -- Fri Mar 13 15:54:06 2015
 Warning: sigma increased due to equal function values
   Reconsider the formulation of the objective function

 -- Fri Mar 13 15:54:07 2015
 Warning: sigma increased due to equal function values
   Reconsider the formulation of the objective function

 -- Fri Mar 13 15:54:07 2015
 Warning: sigma increased due to equal function values
   Reconsider the formulation of the objective function

 -- Fri Mar 13 15:54:08 2015
 Warning: sigma increased due to equal function values
   Reconsider the formulation of the objective function

 -- Fri Mar 13 15:54:09 2015
 Warning: sigma increased due to equal function values
   Reconsider the formulation of the objective function

 -- Fri Mar 13 15:54:09 2015
 Warning: sigma increased due to equal function values
   Reconsider the formulation of the objective function

 -- Fri Mar 13 15:54:10 2015
 Warning: sigma increased due to equal function values
   Reconsider the formulation of the objective function

 -- Fri Mar 13 15:54:10 2015
 Warning: sigma increased due to equal function values
   Reconsider the formulation of the objective function

 -- Fri Mar 13 15:54:11 2015
 Warning: sigma increased due to equal function values
   Reconsider the formulation of the objective function

 -- Fri Mar 13 15:54:12 2015
 Warning: sigma increased due to equal function values
   Reconsider the formulation of the objective function

 -- Fri Mar 13 15:54:12 2015
 Warning: sigma increased due to equal function values
   Reconsider the formulation of the objective function

 -- Fri Mar 13 15:54:13 2015
 Warning: sigma increased due to equal function values
   Reconsider the formulation of the objective function

 -- Fri Mar 13 15:54:37 2015
 Warning: sigma increased due to equal function values
   Reconsider the formulation of the objective function

 -- Fri Mar 13 15:54:38 2015
 Warning: sigma increased due to equal function values
   Reconsider the formulation of the objective function

 -- Fri Mar 13 15:54:39 2015
 Warning: sigma increased due to equal function values
   Reconsider the formulation of the objective function

 -- Fri Mar 13 15:54:41 2015
 Warning: sigma increased due to equal function values
   Reconsider the formulation of the objective function

 -- Fri Mar 13 15:54:42 2015
 Warning: sigma increased due to equal function values
   Reconsider the formulation of the objective function

 -- Fri Mar 13 15:54:43 2015
 Warning: sigma increased due to equal function values
   Reconsider the formulation of the objective function

 -- Fri Mar 13 15:54:44 2015
 Warning: sigma increased due to equal function values
   Reconsider the formulation of the objective function

 -- Fri Mar 13 15:54:45 2015
 Warning: sigma increased due to equal function values
   Reconsider the formulation of the objective function

 -- Fri Mar 13 15:54:47 2015
 Warning: sigma increased due to equal function values
   Reconsider the formulation of the objective function

 -- Fri Mar 13 15:54:48 2015
 Warning: sigma increased due to equal function values
   Reconsider the formulation of the objective function

 -- Fri Mar 13 15:54:49 2015
 Warning: sigma increased due to equal function values
   Reconsider the formulation of the objective function

 -- Fri Mar 13 15:54:50 2015
 Warning: sigma increased due to equal function values
   Reconsider the formulation of the objective function

 -- Fri Mar 13 15:54:52 2015
 Warning: sigma increased due to equal function values
   Reconsider the formulation of the objective function

 -- Fri Mar 13 15:54:53 2015
 Warning: sigma increased due to equal function values
   Reconsider the formulation of the objective function

 -- Fri Mar 13 15:54:54 2015
 Warning: sigma increased due to equal function values
   Reconsider the formulation of the objective function

 -- Fri Mar 13 15:54:55 2015
 Warning: sigma increased due to equal function values
   Reconsider the formulation of the objective function

 -- Fri Mar 13 15:54:57 2015
 Warning: sigma increased due to equal function values
   Reconsider the formulation of the objective function

 -- Fri Mar 13 15:54:58 2015
 Warning: sigma increased due to equal function values
   Reconsider the formulation of the objective function

 -- Fri Mar 13 15:54:59 2015
 Warning: sigma increased due to equal function values
   Reconsider the formulation of the objective function

 -- Fri Mar 13 15:55:01 2015
 Warning: sigma increased due to equal function values
   Reconsider the formulation of the objective function

 -- Fri Mar 13 15:55:02 2015
 Warning: sigma increased due to equal function values
   Reconsider the formulation of the objective function

 -- Fri Mar 13 15:55:03 2015
 Warning: sigma increased due to equal function values
   Reconsider the formulation of the objective function

 -- Fri Mar 13 15:57:39 2015
 Warning: sigma increased due to equal function values
   Reconsider the formulation of the objective function

 -- Fri Mar 13 15:57:41 2015
 Warning: sigma increased due to equal function values
   Reconsider the formulation of the objective function

 -- Fri Mar 13 15:57:43 2015
 Warning: sigma increased due to equal function values
   Reconsider the formulation of the objective function

 -- Fri Mar 13 15:57:44 2015
 Warning: sigma increased due to equal function values
   Reconsider the formulation of the objective function

 -- Fri Mar 13 15:57:46 2015
 Warning: sigma increased due to equal function values
   Reconsider the formulation of the objective function

 -- Fri Mar 13 15:57:48 2015
 Warning: sigma increased due to equal function values
   Reconsider the formulation of the objective function

 -- Fri Mar 13 15:57:49 2015
 Warning: sigma increased due to equal function values
   Reconsider the formulation of the objective function

 -- Fri Mar 13 15:57:51 2015
 Warning: sigma increased due to equal function values
   Reconsider the formulation of the objective function

 -- Fri Mar 13 15:57:52 2015
 Warning: sigma increased due to equal function values
   Reconsider the formulation of the objective function

 -- Fri Mar 13 15:57:54 2015
 Warning: sigma increased due to equal function values
   Reconsider the formulation of the objective function

 -- Fri Mar 13 15:57:56 2015
 Warning: sigma increased due to equal function values
   Reconsider the formulation of the objective function

 -- Fri Mar 13 15:57:57 2015
 Warning: sigma increased due to equal function values
   Reconsider the formulation of the objective function

 -- Fri Mar 13 15:57:59 2015
 Warning: sigma increased due to equal function values
   Reconsider the formulation of the objective function

 -- Fri Mar 13 15:58:01 2015
 Warning: sigma increased due to equal function values
   Reconsider the formulation of the objective function

 -- Fri Mar 13 15:58:02 2015
 Warning: sigma increased due to equal function values
   Reconsider the formulation of the objective function

 -- Fri Mar 13 15:58:04 2015
 Warning: sigma increased due to equal function values
   Reconsider the formulation of the objective function

 -- Fri Mar 13 15:58:06 2015
 Warning: sigma increased due to equal function values
   Reconsider the formulation of the objective function

 -- Fri Mar 13 15:58:07 2015
 Warning: sigma increased due to equal function values
   Reconsider the formulation of the objective function

 -- Fri Mar 13 15:58:09 2015
 Warning: sigma increased due to equal function values
   Reconsider the formulation of the objective function

 -- Fri Mar 13 15:58:10 2015
 Warning: sigma increased due to equal function values
   Reconsider the formulation of the objective function

 -- Fri Mar 13 15:58:12 2015
 Warning: sigma increased due to equal function values
   Reconsider the formulation of the objective function

 -- Fri Mar 13 15:58:14 2015
 Warning: sigma increased due to equal function values
   Reconsider the formulation of the objective function

 -- Fri Mar 13 16:04:43 2015
 Warning: sigma increased due to equal function values
   Reconsider the formulation of the objective function

 -- Fri Mar 13 16:04:43 2015
 Warning: sigma increased due to equal function values
   Reconsider the formulation of the objective function

 -- Fri Mar 13 16:04:44 2015
 Warning: sigma increased due to equal function values
   Reconsider the formulation of the objective function

 -- Fri Mar 13 16:04:45 2015
 Warning: sigma increased due to equal function values
   Reconsider the formulation of the objective function

 -- Fri Mar 13 16:04:45 2015
 Warning: sigma increased due to equal function values
   Reconsider the formulation of the objective function

 -- Fri Mar 13 16:04:46 2015
 Warning: sigma increased due to equal function values
   Reconsider the formulation of the objective function

 -- Fri Mar 13 16:05:12 2015
 Warning: sigma increased due to equal function values
   Reconsider the formulation of the objective function

 -- Fri Mar 13 16:05:13 2015
 Warning: sigma increased due to equal function values
   Reconsider the formulation of the objective function

 -- Fri Mar 13 16:05:14 2015
 Warning: sigma increased due to equal function values
   Reconsider the formulation of the objective function

 -- Fri Mar 13 16:05:14 2015
 Warning: sigma increased due to equal function values
   Reconsider the formulation of the objective function

 -- Fri Mar 13 16:05:30 2015
 Warning: sigma increased due to equal function values
   Reconsider the formulation of the objective function

 -- Fri Mar 13 16:05:31 2015
 Warning: sigma increased due to equal function values
   Reconsider the formulation of the objective function

 -- Fri Mar 13 16:05:31 2015
 Warning: sigma increased due to equal function values
   Reconsider the formulation of the objective function

 -- Fri Mar 13 16:05:32 2015
 Warning: sigma increased due to equal function values
   Reconsider the formulation of the objective function

 -- Fri Mar 13 16:05:51 2015
 Warning: sigma increased due to equal function values
   Reconsider the formulation of the objective function

 -- Fri Mar 13 16:05:53 2015
 Warning: sigma increased due to equal function values
   Reconsider the formulation of the objective function

 -- Fri Mar 13 16:25:17 2015
 Warning: sigma increased due to equal function values
   Reconsider the formulation of the objective function

 -- Fri Mar 13 16:25:18 2015
 Warning: sigma increased due to equal function values
   Reconsider the formulation of the objective function

 -- Fri Mar 13 16:38:39 2015
 cmaes_readpara_ReadFromFile cmaes_initials.par: 

 -- Fri Mar 13 16:38:39 2015
 ' initialX %d' not enough values found.
   Remove all comments between numbers.

 -- Fri Mar 13 16:38:39 2015
 *** Exiting cmaes_t ***

 -- Fri Mar 13 16:55:18 2015
 Warning: sigma increased due to equal function values
   Reconsider the formulation of the objective function

 -- Fri Mar 13 16:55:18 2015
 Warning: sigma increased due to equal function values
   Reconsider the formulation of the objective function

 -- Fri Mar 13 16:55:18 2015
 Warning: sigma increased due to equal function values
   Reconsider the formulation of the objective function

 -- Fri Mar 13 16:55:18 2015
 Warning: sigma increased due to equal function values
   Reconsider the formulation of the objective function

 -- Fri Mar 13 16:55:19 2015
 Warning: sigma increased due to equal function values
   Reconsider the formulation of the objective function

 -- Fri Mar 13 16:55:19 2015
 Warning: sigma increased due to equal function values
   Reconsider the formulation of the objective function

 -- Fri Mar 13 16:55:19 2015
 Warning: sigma increased due to equal function values
   Reconsider the formulation of the objective function

 -- Fri Mar 13 16:55:20 2015
 Warning: sigma increased due to equal function values
   Reconsider the formulation of the objective function

 -- Fri Mar 13 17:04:18 2015
 Warning: sigma increased due to equal function values
   Reconsider the formulation of the objective function

 -- Fri Mar 13 17:04:20 2015
 Warning: sigma increased due to equal function values
   Reconsider the formulation of the objective function

 -- Fri Mar 13 17:04:22 2015
 Warning: sigma increased due to equal function values
   Reconsider the formulation of the objective function

 -- Fri Mar 13 17:04:23 2015
 Warning: sigma increased due to equal function values
   Reconsider the formulation of the objective function

 -- Fri Mar 13 17:04:25 2015
 Warning: sigma increased due to equal function values
   Reconsider the formulation of the objective function

 -- Fri Mar 13 17:04:26 2015
 Warning: sigma increased due to equal function values
   Reconsider the formulation of the objective function

 -- Fri Mar 13 17:04:28 2015
 Warning: sigma increased due to equal function values
   Reconsider the formulation of the objective function

 -- Fri Mar 13 17:04:30 2015
 Warning: sigma increased due to equal function values
   Reconsider the formulation of the objective function

 -- Fri Mar 13 17:04:31 2015
 Warning: sigma increased due to equal function values
   Reconsider the formulation of the objective function

 -- Fri Mar 13 17:04:33 2015
 Warning: sigma increased due to equal function values
   Reconsider the formulation of the objective function

 -- Fri Mar 13 17:04:35 2015
 Warning: sigma increased due to equal function values
   Reconsider the formulation of the objective function

 -- Fri Mar 13 17:04:36 2015
 Warning: sigma increased due to equal function values
   Reconsider the formulation of the objective function

 -- Fri Mar 13 17:04:38 2015
 Warning: sigma increased due to equal function values
   Reconsider the formulation of the objective function

 -- Fri Mar 13 17:04:40 2015
 Warning: sigma increased due to equal function values
   Reconsider the formulation of the objective function

 -- Fri Mar 13 17:04:41 2015
 Warning: sigma increased due to equal function values
   Reconsider the formulation of the objective function

 -- Fri Mar 13 17:04:43 2015
 Warning: sigma increased due to equal function values
   Reconsider the formulation of the objective function

 -- Fri Mar 13 17:04:45 2015
 Warning: sigma increased due to equal function values
   Reconsider the formulation of the objective function

 -- Fri Mar 13 17:04:46 2015
 Warning: sigma increased due to equal function values
   Reconsider the formulation of the objective function

 -- Fri Mar 13 17:04:48 2015
 Warning: sigma increased due to equal function values
   Reconsider the formulation of the objective function

 -- Fri Mar 13 18:14:05 2015
 Warning: sigma increased due to equal function values
   Reconsider the formulation of the objective function

 -- Fri Mar 13 18:14:06 2015
 Warning: sigma increased due to equal function values
   Reconsider the formulation of the objective function

 -- Fri Mar 13 18:14:06 2015
 Warning: sigma increased due to equal function values
   Reconsider the formulation of the objective function

 -- Fri Mar 13 18:14:06 2015
 Warning: sigma increased due to equal function values
   Reconsider the formulation of the objective function

 -- Fri Mar 13 18:14:07 2015
 Warning: sigma increased due to equal function values
   Reconsider the formulation of the objective function

 -- Fri Mar 13 18:14:07 2015
 Warning: sigma increased due to equal function values
   Reconsider the formulation of the objective function

 -- Fri Mar 13 18:14:07 2015
 Warning: sigma increased due to equal function values
   Reconsider the formulation of the objective function

 -- Fri Mar 13 18:14:08 2015
 Warning: sigma increased due to equal function values
   Reconsider the formulation of the objective function

 -- Fri Mar 13 18:14:08 2015
 Warning: sigma increased due to equal function values
   Reconsider the formulation of the objective function

 -- Fri Mar 13 18:14:09 2015
 Warning: sigma increased due to equal function values
   Reconsider the formulation of the objective function

 -- Fri Mar 13 18:14:09 2015
 Warning: sigma increased due to equal function values
   Reconsider the formulation of the objective function

 -- Fri Mar 13 18:14:09 2015
 Warning: sigma increased due to equal function values
   Reconsider the formulation of the objective function

 -- Fri Mar 13 18:14:10 2015
 Warning: sigma increased due to equal function values
   Reconsider the formulation of the objective function

 -- Fri Mar 13 18:14:10 2015
 Warning: sigma increased due to equal function values
   Reconsider the formulation of the objective function

 -- Fri Mar 13 18:14:11 2015
 Warning: sigma increased due to equal function values
   Reconsider the formulation of the objective function

 -- Fri Mar 13 18:14:11 2015
 Warning: sigma increased due to equal function values
   Reconsider the formulation of the objective function

 -- Fri Mar 13 18:14:11 2015
 Warning: sigma increased due to equal function values
   Reconsider the formulation of the objective function
